Watch/app/build/intermediates/manifest_merge_blame_file/debug/processDebugMainManifest/manifest-merger-blame-debug-report.txt
1<?xml version="1.0" encoding="utf-8"?>
2<manifest xmlns:android="http://schemas.android.com/apk/res/android"
3    package="com.easter.watch"
4    android:versionCode="1"
5    android:versionName="1.0" >
6
7    <uses-sdk
8        android:minSdkVersion="30"
9        android:targetSdkVersion="34" />
10
11    <uses-permission android:name="android.permission.POST_NOTIFICATIONS" />
11-->src\main\AndroidManifest.xml:4:5-77
11-->src\main\AndroidManifest.xml:4:22-74
12    <uses-permission android:name="android.permission.WAKE_LOCK" />
12-->src\main\AndroidManifest.xml:5:5-68
12-->src\main\AndroidManifest.xml:5:22-65
13    <uses-permission android:name="android.permission.BODY_SENSORS" />
13-->src\main\AndroidManifest.xml:6:5-71
13-->src\main\AndroidManifest.xml:6:22-68
14    <uses-permission android:name="android.permission.ACTIVITY_RECOGNITION" />
14-->src\main\AndroidManifest.xml:7:5-79
14-->src\main\AndroidManifest.xml:7:22-76
15    <uses-permission android:name="android.permission.ACCESS_FINE_LOCATION" />
15-->src\main\AndroidManifest.xml:8:5-79
15-->src\main\AndroidManifest.xml:8:22-76
16    <uses-permission android:name="android.permission.ACCESS_COARSE_LOCATION" />
16-->src\main\AndroidManifest.xml:9:5-81
16-->src\main\AndroidManifest.xml:9:22-78
17    <uses-permission android:name="android.permission.FOREGROUND_SERVICE" />
17-->src\main\AndroidManifest.xml:10:5-77
17-->src\main\AndroidManifest.xml:10:22-74
18    <uses-permission android:name="android.permission.FOREGROUND_SERVICE_LOCATION" />
18-->src\main\AndroidManifest.xml:11:5-86
18-->src\main\AndroidManifest.xml:11:22-83
19    <uses-permission android:name="android.permission.POST_NOTIFICATIONS" />
19-->src\main\AndroidManifest.xml:4:5-77
19-->src\main\AndroidManifest.xml:4:22-74
20    <uses-permission android:name="android.permission.INTERNET" />
20-->src\main\AndroidManifest.xml:13:5-67
20-->src\main\AndroidManifest.xml:13:22-64
21
22    <uses-feature android:name="android.hardware.type.watch" />
22-->src\main\AndroidManifest.xml:15:5-64
22-->src\main\AndroidManifest.xml:15:19-61
23
24    <!-- Include required permissions for Google Maps API to run. -->
25    <uses-permission android:name="android.permission.ACCESS_NETWORK_STATE" />
25-->[com.google.android.gms:play-services-maps:19.0.0] AndroidManifest.xml:23:5-79
25-->[com.google.android.gms:play-services-maps:19.0.0] AndroidManifest.xml:23:22-76
26
27    <uses-feature
27-->[com.google.android.gms:play-services-maps:19.0.0] AndroidManifest.xml:26:5-28:35
28        android:glEsVersion="0x00020000"
28-->[com.google.android.gms:play-services-maps:19.0.0] AndroidManifest.xml:27:9-41
29        android:required="true" />
29-->[com.google.android.gms:play-services-maps:19.0.0] AndroidManifest.xml:28:9-32
30
31    <queries>
31-->[com.google.android.gms:play-services-maps:19.0.0] AndroidManifest.xml:30:5-34:15
32
33        <!-- Needs to be explicitly declared on Android R+ -->
34        <package android:name="com.google.android.apps.maps" />
34-->[com.google.android.gms:play-services-maps:19.0.0] AndroidManifest.xml:33:9-64
34-->[com.google.android.gms:play-services-maps:19.0.0] AndroidManifest.xml:33:18-61
35    </queries> <!-- Required by older versions of Google Play services to create IID tokens -->
36    <uses-permission android:name="com.google.android.c2dm.permission.RECEIVE" />
36-->[com.google.firebase:firebase-messaging:24.0.3] AndroidManifest.xml:26:5-82
36-->[com.google.firebase:firebase-messaging:24.0.3] AndroidManifest.xml:26:22-79
37    <uses-permission android:name="com.google.android.finsky.permission.BIND_GET_INSTALL_REFERRER_SERVICE" />
37-->[com.google.android.gms:play-services-measurement:22.1.2] AndroidManifest.xml:26:5-110
37-->[com.google.android.gms:play-services-measurement:22.1.2] AndroidManifest.xml:26:22-107
38    <uses-permission android:name="com.google.android.gms.permission.AD_ID" />
38-->[com.google.android.gms:play-services-measurement-impl:22.1.2] AndroidManifest.xml:27:5-79
38-->[com.google.android.gms:play-services-measurement-impl:22.1.2] AndroidManifest.xml:27:22-76
39    <uses-permission android:name="android.permission.ACCESS_ADSERVICES_ATTRIBUTION" />
39-->[com.google.android.gms:play-services-measurement-api:22.1.2] AndroidManifest.xml:26:5-88
39-->[com.google.android.gms:play-services-measurement-api:22.1.2] AndroidManifest.xml:26:22-85
40    <uses-permission android:name="android.permission.ACCESS_ADSERVICES_AD_ID" />
40-->[com.google.android.gms:play-services-measurement-api:22.1.2] AndroidManifest.xml:27:5-82
40-->[com.google.android.gms:play-services-measurement-api:22.1.2] AndroidManifest.xml:27:22-79
41
42    <permission
42-->[androidx.core:core:1.13.0] AndroidManifest.xml:22:5-24:47
43        android:name="com.easter.watch.DYNAMIC_RECEIVER_NOT_EXPORTED_PERMISSION"
43-->[androidx.core:core:1.13.0] AndroidManifest.xml:23:9-81
44        android:protectionLevel="signature" />
44-->[androidx.core:core:1.13.0] AndroidManifest.xml:24:9-44
45
46    <uses-permission android:name="com.easter.watch.DYNAMIC_RECEIVER_NOT_EXPORTED_PERMISSION" />
46-->[androidx.core:core:1.13.0] AndroidManifest.xml:26:5-97
46-->[androidx.core:core:1.13.0] AndroidManifest.xml:26:22-94
47
48    <application
48-->src\main\AndroidManifest.xml:17:5-90:19
49        android:allowBackup="true"
49-->src\main\AndroidManifest.xml:18:9-35
50        android:appComponentFactory="androidx.core.app.CoreComponentFactory"
50-->[androidx.core:core:1.13.0] AndroidManifest.xml:28:18-86
51        android:debuggable="true"
52        android:extractNativeLibs="false"
53        android:icon="@mipmap/ic_launcher"
53-->src\main\AndroidManifest.xml:19:9-43
54        android:label="@string/app_name"
54-->src\main\AndroidManifest.xml:20:9-41
55        android:supportsRtl="true"
55-->src\main\AndroidManifest.xml:21:9-35
56        android:testOnly="true"
57        android:theme="@android:style/Theme.DeviceDefault" >
57-->src\main\AndroidManifest.xml:22:9-59
58        <activity
58-->src\main\AndroidManifest.xml:23:9-26:66
59            android:name="com.easter.watch.presentation.view.run.CountDownActivity"
59-->src\main\AndroidManifest.xml:24:13-68
60            android:exported="false"
60-->src\main\AndroidManifest.xml:25:13-37
61            android:theme="@style/Theme.AppCompat.NoActionBar" />
61-->src\main\AndroidManifest.xml:26:13-63
62        <activity
62-->src\main\AndroidManifest.xml:27:9-32:66
63            android:name="com.easter.watch.presentation.view.run.RunActivity"
63-->src\main\AndroidManifest.xml:28:13-62
64            android:allowEmbedded="true"
64-->src\main\AndroidManifest.xml:29:13-41
65            android:exported="true"
65-->src\main\AndroidManifest.xml:30:13-36
66            android:taskAffinity=""
66-->src\main\AndroidManifest.xml:31:13-36
67            android:theme="@style/Theme.AppCompat.NoActionBar" />
67-->src\main\AndroidManifest.xml:32:13-63
68        <activity
68-->src\main\AndroidManifest.xml:33:9-37:66
69            android:name="com.easter.watch.presentation.MainActivity"
69-->src\main\AndroidManifest.xml:34:13-54
70            android:exported="false"
70-->src\main\AndroidManifest.xml:35:13-37
71            android:taskAffinity=""
71-->src\main\AndroidManifest.xml:36:13-36
72            android:theme="@style/Theme.AppCompat.NoActionBar" />
72-->src\main\AndroidManifest.xml:37:13-63
73        <activity
73-->src\main\AndroidManifest.xml:38:9-47:20
74            android:name="com.easter.watch.presentation.view.run.StartActivity"
74-->src\main\AndroidManifest.xml:39:13-64
75            android:exported="true"
75-->src\main\AndroidManifest.xml:40:13-36
76            android:theme="@style/Theme.AppCompat.NoActionBar" >
76-->src\main\AndroidManifest.xml:41:13-63
77            <intent-filter>
77-->src\main\AndroidManifest.xml:42:13-46:29
78                <action android:name="android.intent.action.MAIN" />
78-->src\main\AndroidManifest.xml:43:17-69
78-->src\main\AndroidManifest.xml:43:25-66
79
80                <category android:name="android.intent.category.LAUNCHER" />
80-->src\main\AndroidManifest.xml:45:17-77
80-->src\main\AndroidManifest.xml:45:27-74
81            </intent-filter>
82        </activity>
83        <activity
83-->src\main\AndroidManifest.xml:48:9-51:66
84            android:name="com.easter.watch.presentation.view.intro.AuthActivity"
84-->src\main\AndroidManifest.xml:49:13-65
85            android:exported="false"
85-->src\main\AndroidManifest.xml:50:13-37
86            android:theme="@style/Theme.AppCompat.NoActionBar" />
86-->src\main\AndroidManifest.xml:51:13-63
87        <activity
87-->src\main\AndroidManifest.xml:52:9-55:66
88            android:name="com.easter.watch.presentation.view.intro.RestartActivity"
88-->src\main\AndroidManifest.xml:53:13-68
89            android:exported="false"
89-->src\main\AndroidManifest.xml:54:13-37
90            android:theme="@style/Theme.AppCompat.NoActionBar" />
90-->src\main\AndroidManifest.xml:55:13-63
91        <activity
91-->src\main\AndroidManifest.xml:56:9-67:20
92            android:name="com.easter.watch.presentation.view.intro.SplashActivity"
92-->src\main\AndroidManifest.xml:57:13-67
93            android:exported="true"
93-->src\main\AndroidManifest.xml:58:13-36
94            android:theme="@style/Theme.Maon" >
94-->src\main\AndroidManifest.xml:59:13-46
95
96            <!-- <intent-filter> -->
97            <!-- <action android:name="android.intent.action.MAIN" /> -->
98
99
100            <!-- <category android:name="android.intent.category.LAUNCHER" /> -->
101            <!-- </intent-filter> -->
102        </activity>
103
104        <uses-library
104-->src\main\AndroidManifest.xml:69:9-71:39
105            android:name="com.google.android.wearable"
105-->src\main\AndroidManifest.xml:70:13-55
106            android:required="true" />
106-->src\main\AndroidManifest.xml:71:13-36
107        <!--
108               Set to true if your app is Standalone, that is, it does not require the handheld
109               app to run.
110        -->
111        <meta-data
111-->src\main\AndroidManifest.xml:76:9-78:36
112            android:name="com.google.android.wearable.standalone"
112-->src\main\AndroidManifest.xml:77:13-66
113            android:value="true" />
113-->src\main\AndroidManifest.xml:78:13-33
114        <meta-data
114-->src\main\AndroidManifest.xml:79:9-81:71
115            android:name="com.google.android.geo.API_KEY"
115-->src\main\AndroidManifest.xml:80:13-58
116            android:value="AIzaSyAPkUdZTFZnS2rgOugb_vPsA_KP1RMiQtc" />
116-->src\main\AndroidManifest.xml:81:13-68
117
118        <service
118-->src\main\AndroidManifest.xml:83:9-89:19
119            android:name="com.easter.watch.presentation.service.WatchMessageService"
119-->src\main\AndroidManifest.xml:84:13-69
120            android:exported="false" >
120-->src\main\AndroidManifest.xml:85:13-37
121            <intent-filter>
121-->src\main\AndroidManifest.xml:86:13-88:29
122                <action android:name="com.google.firebase.MESSAGING_EVENT" />
122-->src\main\AndroidManifest.xml:87:17-78
122-->src\main\AndroidManifest.xml:87:25-75
123            </intent-filter>
124        </service>
125
126        <activity
126-->[androidx.compose.ui:ui-tooling-android:1.6.6] AndroidManifest.xml:23:9-25:39
127            android:name="androidx.compose.ui.tooling.PreviewActivity"
127-->[androidx.compose.ui:ui-tooling-android:1.6.6] AndroidManifest.xml:24:13-71
128            android:exported="true" />
128-->[androidx.compose.ui:ui-tooling-android:1.6.6] AndroidManifest.xml:25:13-36
129        <activity
129-->[androidx.compose.ui:ui-test-manifest:1.6.6] AndroidManifest.xml:23:9-25:39
130            android:name="androidx.activity.ComponentActivity"
130-->[androidx.compose.ui:ui-test-manifest:1.6.6] AndroidManifest.xml:24:13-63
131            android:exported="true" /> <!-- Needs to be explicitly declared on P+ -->
131-->[androidx.compose.ui:ui-test-manifest:1.6.6] AndroidManifest.xml:25:13-36
132        <uses-library
132-->[com.google.android.gms:play-services-maps:19.0.0] AndroidManifest.xml:39:9-41:40
133            android:name="org.apache.http.legacy"
133-->[com.google.android.gms:play-services-maps:19.0.0] AndroidManifest.xml:40:13-50
134            android:required="false" />
134-->[com.google.android.gms:play-services-maps:19.0.0] AndroidManifest.xml:41:13-37
135
136        <receiver
136-->[com.google.firebase:firebase-messaging:24.0.3] AndroidManifest.xml:29:9-40:20
137            android:name="com.google.firebase.iid.FirebaseInstanceIdReceiver"
137-->[com.google.firebase:firebase-messaging:24.0.3] AndroidManifest.xml:30:13-78
138            android:exported="true"
138-->[com.google.firebase:firebase-messaging:24.0.3] AndroidManifest.xml:31:13-36
139            android:permission="com.google.android.c2dm.permission.SEND" >
139-->[com.google.firebase:firebase-messaging:24.0.3] AndroidManifest.xml:32:13-73
140            <intent-filter>
140-->[com.google.firebase:firebase-messaging:24.0.3] AndroidManifest.xml:33:13-35:29
141                <action android:name="com.google.android.c2dm.intent.RECEIVE" />
141-->[com.google.firebase:firebase-messaging:24.0.3] AndroidManifest.xml:34:17-81
141-->[com.google.firebase:firebase-messaging:24.0.3] AndroidManifest.xml:34:25-78
142            </intent-filter>
143
144            <meta-data
144-->[com.google.firebase:firebase-messaging:24.0.3] AndroidManifest.xml:37:13-39:40
145                android:name="com.google.android.gms.cloudmessaging.FINISHED_AFTER_HANDLED"
145-->[com.google.firebase:firebase-messaging:24.0.3] AndroidManifest.xml:38:17-92
146                android:value="true" />
146-->[com.google.firebase:firebase-messaging:24.0.3] AndroidManifest.xml:39:17-37
147        </receiver>
148        <!--
149             FirebaseMessagingService performs security checks at runtime,
150             but set to not exported to explicitly avoid allowing another app to call it.
151        -->
152        <service
152-->[com.google.firebase:firebase-messaging:24.0.3] AndroidManifest.xml:46:9-53:19
153            android:name="com.google.firebase.messaging.FirebaseMessagingService"
153-->[com.google.firebase:firebase-messaging:24.0.3] AndroidManifest.xml:47:13-82
154            android:directBootAware="true"
154-->[com.google.firebase:firebase-messaging:24.0.3] AndroidManifest.xml:48:13-43
155            android:exported="false" >
155-->[com.google.firebase:firebase-messaging:24.0.3] AndroidManifest.xml:49:13-37
156            <intent-filter android:priority="-500" >
156-->src\main\AndroidManifest.xml:86:13-88:29
157                <action android:name="com.google.firebase.MESSAGING_EVENT" />
157-->src\main\AndroidManifest.xml:87:17-78
157-->src\main\AndroidManifest.xml:87:25-75
158            </intent-filter>
159        </service>
160        <service
160-->[com.google.firebase:firebase-messaging:24.0.3] AndroidManifest.xml:54:9-63:19
161            android:name="com.google.firebase.components.ComponentDiscoveryService"
161-->[com.google.firebase:firebase-messaging:24.0.3] AndroidManifest.xml:55:13-84
162            android:directBootAware="true"
162-->[com.google.firebase:firebase-common:21.0.0] AndroidManifest.xml:32:13-43
163            android:exported="false" >
163-->[com.google.firebase:firebase-messaging:24.0.3] AndroidManifest.xml:56:13-37
164            <meta-data
164-->[com.google.firebase:firebase-messaging:24.0.3] AndroidManifest.xml:57:13-59:85
165                android:name="com.google.firebase.components:com.google.firebase.messaging.FirebaseMessagingKtxRegistrar"
165-->[com.google.firebase:firebase-messaging:24.0.3] AndroidManifest.xml:58:17-122
166                android:value="com.google.firebase.components.ComponentRegistrar" />
166-->[com.google.firebase:firebase-messaging:24.0.3] AndroidManifest.xml:59:17-82
167            <meta-data
167-->[com.google.firebase:firebase-messaging:24.0.3] AndroidManifest.xml:60:13-62:85
168                android:name="com.google.firebase.components:com.google.firebase.messaging.FirebaseMessagingRegistrar"
168-->[com.google.firebase:firebase-messaging:24.0.3] AndroidManifest.xml:61:17-119
169                android:value="com.google.firebase.components.ComponentRegistrar" />
169-->[com.google.firebase:firebase-messaging:24.0.3] AndroidManifest.xml:62:17-82
170            <meta-data
170-->[com.google.android.gms:play-services-measurement-api:22.1.2] AndroidManifest.xml:37:13-39:85
171                android:name="com.google.firebase.components:com.google.firebase.analytics.connector.internal.AnalyticsConnectorRegistrar"
171-->[com.google.android.gms:play-services-measurement-api:22.1.2] AndroidManifest.xml:38:17-139
172                android:value="com.google.firebase.components.ComponentRegistrar" />
172-->[com.google.android.gms:play-services-measurement-api:22.1.2] AndroidManifest.xml:39:17-82
173            <meta-data
173-->[com.google.firebase:firebase-installations:18.0.0] AndroidManifest.xml:15:13-17:85
174                android:name="com.google.firebase.components:com.google.firebase.installations.FirebaseInstallationsKtxRegistrar"
174-->[com.google.firebase:firebase-installations:18.0.0] AndroidManifest.xml:16:17-130
175                android:value="com.google.firebase.components.ComponentRegistrar" />
175-->[com.google.firebase:firebase-installations:18.0.0] AndroidManifest.xml:17:17-82
176            <meta-data
176-->[com.google.firebase:firebase-installations:18.0.0] AndroidManifest.xml:18:13-20:85
177                android:name="com.google.firebase.components:com.google.firebase.installations.FirebaseInstallationsRegistrar"
177-->[com.google.firebase:firebase-installations:18.0.0] AndroidManifest.xml:19:17-127
178                android:value="com.google.firebase.components.ComponentRegistrar" />
178-->[com.google.firebase:firebase-installations:18.0.0] AndroidManifest.xml:20:17-82
179            <meta-data
179-->[com.google.firebase:firebase-common-ktx:21.0.0] AndroidManifest.xml:12:13-14:85
180                android:name="com.google.firebase.components:com.google.firebase.ktx.FirebaseCommonLegacyRegistrar"
180-->[com.google.firebase:firebase-common-ktx:21.0.0] AndroidManifest.xml:13:17-116
181                android:value="com.google.firebase.components.ComponentRegistrar" />
181-->[com.google.firebase:firebase-common-ktx:21.0.0] AndroidManifest.xml:14:17-82
182            <meta-data
182-->[com.google.firebase:firebase-common:21.0.0] AndroidManifest.xml:35:13-37:85
183                android:name="com.google.firebase.components:com.google.firebase.FirebaseCommonKtxRegistrar"
183-->[com.google.firebase:firebase-common:21.0.0] AndroidManifest.xml:36:17-109
184                android:value="com.google.firebase.components.ComponentRegistrar" />
184-->[com.google.firebase:firebase-common:21.0.0] AndroidManifest.xml:37:17-82
185            <meta-data
185-->[com.google.firebase:firebase-datatransport:18.2.0] AndroidManifest.xml:25:13-27:85
186                android:name="com.google.firebase.components:com.google.firebase.datatransport.TransportRegistrar"
186-->[com.google.firebase:firebase-datatransport:18.2.0] AndroidManifest.xml:26:17-115
187                android:value="com.google.firebase.components.ComponentRegistrar" />
187-->[com.google.firebase:firebase-datatransport:18.2.0] AndroidManifest.xml:27:17-82
188        </service>
189
190        <receiver
190-->[com.google.android.gms:play-services-measurement:22.1.2] AndroidManifest.xml:29:9-33:20
191            android:name="com.google.android.gms.measurement.AppMeasurementReceiver"
191-->[com.google.android.gms:play-services-measurement:22.1.2] AndroidManifest.xml:30:13-85
192            android:enabled="true"
192-->[com.google.android.gms:play-services-measurement:22.1.2] AndroidManifest.xml:31:13-35
193            android:exported="false" >
193-->[com.google.android.gms:play-services-measurement:22.1.2] AndroidManifest.xml:32:13-37
194        </receiver>
195
196        <service
196-->[com.google.android.gms:play-services-measurement:22.1.2] AndroidManifest.xml:35:9-38:40
197            android:name="com.google.android.gms.measurement.AppMeasurementService"
197-->[com.google.android.gms:play-services-measurement:22.1.2] AndroidManifest.xml:36:13-84
198            android:enabled="true"
198-->[com.google.android.gms:play-services-measurement:22.1.2] AndroidManifest.xml:37:13-35
199            android:exported="false" />
199-->[com.google.android.gms:play-services-measurement:22.1.2] AndroidManifest.xml:38:13-37
200        <service
200-->[com.google.android.gms:play-services-measurement:22.1.2] AndroidManifest.xml:39:9-43:72
201            android:name="com.google.android.gms.measurement.AppMeasurementJobService"
201-->[com.google.android.gms:play-services-measurement:22.1.2] AndroidManifest.xml:40:13-87
202            android:enabled="true"
202-->[com.google.android.gms:play-services-measurement:22.1.2] AndroidManifest.xml:41:13-35
203            android:exported="false"
203-->[com.google.android.gms:play-services-measurement:22.1.2] AndroidManifest.xml:42:13-37
204            android:permission="android.permission.BIND_JOB_SERVICE" />
204-->[com.google.android.gms:play-services-measurement:22.1.2] AndroidManifest.xml:43:13-69
205
206        <activity
206-->[com.google.android.gms:play-services-base:18.5.0] AndroidManifest.xml:5:9-173
207            android:name="com.google.android.gms.common.api.GoogleApiActivity"
207-->[com.google.android.gms:play-services-base:18.5.0] AndroidManifest.xml:5:19-85
208            android:exported="false"
208-->[com.google.android.gms:play-services-base:18.5.0] AndroidManifest.xml:5:146-170
209            android:theme="@android:style/Theme.Translucent.NoTitleBar" />
209-->[com.google.android.gms:play-services-base:18.5.0] AndroidManifest.xml:5:86-145
210
211        <property
211-->[com.google.android.gms:play-services-measurement-api:22.1.2] AndroidManifest.xml:30:9-32:61
212            android:name="android.adservices.AD_SERVICES_CONFIG"
212-->[com.google.android.gms:play-services-measurement-api:22.1.2] AndroidManifest.xml:31:13-65
213            android:resource="@xml/ga_ad_services_config" />
213-->[com.google.android.gms:play-services-measurement-api:22.1.2] AndroidManifest.xml:32:13-58
214
215        <provider
215-->[com.google.firebase:firebase-common:21.0.0] AndroidManifest.xml:23:9-28:39
216            android:name="com.google.firebase.provider.FirebaseInitProvider"
216-->[com.google.firebase:firebase-common:21.0.0] AndroidManifest.xml:24:13-77
217            android:authorities="com.easter.watch.firebaseinitprovider"
217-->[com.google.firebase:firebase-common:21.0.0] AndroidManifest.xml:25:13-72
218            android:directBootAware="true"
218-->[com.google.firebase:firebase-common:21.0.0] AndroidManifest.xml:26:13-43
219            android:exported="false"
219-->[com.google.firebase:firebase-common:21.0.0] AndroidManifest.xml:27:13-37
220            android:initOrder="100" />
220-->[com.google.firebase:firebase-common:21.0.0] AndroidManifest.xml:28:13-36
221
222        <uses-library
222-->[androidx.privacysandbox.ads:ads-adservices:1.0.0-beta05] AndroidManifest.xml:23:9-25:40
223            android:name="android.ext.adservices"
223-->[androidx.privacysandbox.ads:ads-adservices:1.0.0-beta05] AndroidManifest.xml:24:13-50
224            android:required="false" />
224-->[androidx.privacysandbox.ads:ads-adservices:1.0.0-beta05] AndroidManifest.xml:25:13-37
225
226        <provider
226-->[androidx.emoji2:emoji2:1.3.0] AndroidManifest.xml:24:9-32:20
227            android:name="androidx.startup.InitializationProvider"
227-->[androidx.emoji2:emoji2:1.3.0] AndroidManifest.xml:25:13-67
228            android:authorities="com.easter.watch.androidx-startup"
228-->[androidx.emoji2:emoji2:1.3.0] AndroidManifest.xml:26:13-68
229            android:exported="false" >
229-->[androidx.emoji2:emoji2:1.3.0] AndroidManifest.xml:27:13-37
230            <meta-data
230-->[androidx.emoji2:emoji2:1.3.0] AndroidManifest.xml:29:13-31:52
231                android:name="androidx.emoji2.text.EmojiCompatInitializer"
231-->[androidx.emoji2:emoji2:1.3.0] AndroidManifest.xml:30:17-75
232                android:value="androidx.startup" />
232-->[androidx.emoji2:emoji2:1.3.0] AndroidManifest.xml:31:17-49
233            <meta-data
233-->[androidx.lifecycle:lifecycle-process:2.7.0] AndroidManifest.xml:29:13-31:52
234                android:name="androidx.lifecycle.ProcessLifecycleInitializer"
234-->[androidx.lifecycle:lifecycle-process:2.7.0] AndroidManifest.xml:30:17-78
235                android:value="androidx.startup" />
235-->[androidx.lifecycle:lifecycle-process:2.7.0] AndroidManifest.xml:31:17-49
236            <meta-data
236-->[androidx.profileinstaller:profileinstaller:1.4.0] AndroidManifest.xml:29:13-31:52
237                android:name="androidx.profileinstaller.ProfileInstallerInitializer"
237-->[androidx.profileinstaller:profileinstaller:1.4.0] AndroidManifest.xml:30:17-85
238                android:value="androidx.startup" />
238-->[androidx.profileinstaller:profileinstaller:1.4.0] AndroidManifest.xml:31:17-49
239        </provider>
240
241        <meta-data
241-->[com.google.android.gms:play-services-basement:18.4.0] AndroidManifest.xml:6:9-122
242            android:name="com.google.android.gms.version"
242-->[com.google.android.gms:play-services-basement:18.4.0] AndroidManifest.xml:6:20-65
243            android:value="@integer/google_play_services_version" />
243-->[com.google.android.gms:play-services-basement:18.4.0] AndroidManifest.xml:6:66-119
244
245        <receiver
245-->[androidx.profileinstaller:profileinstaller:1.4.0] AndroidManifest.xml:34:9-52:20
246            android:name="androidx.profileinstaller.ProfileInstallReceiver"
246-->[androidx.profileinstaller:profileinstaller:1.4.0] AndroidManifest.xml:35:13-76
247            android:directBootAware="false"
247-->[androidx.profileinstaller:profileinstaller:1.4.0] AndroidManifest.xml:36:13-44
248            android:enabled="true"
248-->[androidx.profileinstaller:profileinstaller:1.4.0] AndroidManifest.xml:37:13-35
249            android:exported="true"
249-->[androidx.profileinstaller:profileinstaller:1.4.0] AndroidManifest.xml:38:13-36
250            android:permission="android.permission.DUMP" >
250-->[androidx.profileinstaller:profileinstaller:1.4.0] AndroidManifest.xml:39:13-57
251            <intent-filter>
251-->[androidx.profileinstaller:profileinstaller:1.4.0] AndroidManifest.xml:40:13-42:29
252                <action android:name="androidx.profileinstaller.action.INSTALL_PROFILE" />
252-->[androidx.profileinstaller:profileinstaller:1.4.0] AndroidManifest.xml:41:17-91
252-->[androidx.profileinstaller:profileinstaller:1.4.0] AndroidManifest.xml:41:25-88
253            </intent-filter>
254            <intent-filter>
254-->[androidx.profileinstaller:profileinstaller:1.4.0] AndroidManifest.xml:43:13-45:29
255                <action android:name="androidx.profileinstaller.action.SKIP_FILE" />
255-->[androidx.profileinstaller:profileinstaller:1.4.0] AndroidManifest.xml:44:17-85
255-->[androidx.profileinstaller:profileinstaller:1.4.0] AndroidManifest.xml:44:25-82
256            </intent-filter>
257            <intent-filter>
257-->[androidx.profileinstaller:profileinstaller:1.4.0] AndroidManifest.xml:46:13-48:29
258                <action android:name="androidx.profileinstaller.action.SAVE_PROFILE" />
258-->[androidx.profileinstaller:profileinstaller:1.4.0] AndroidManifest.xml:47:17-88
258-->[androidx.profileinstaller:profileinstaller:1.4.0] AndroidManifest.xml:47:25-85
259            </intent-filter>
260            <intent-filter>
260-->[androidx.profileinstaller:profileinstaller:1.4.0] AndroidManifest.xml:49:13-51:29
261                <action android:name="androidx.profileinstaller.action.BENCHMARK_OPERATION" />
261-->[androidx.profileinstaller:profileinstaller:1.4.0] AndroidManifest.xml:50:17-95
261-->[androidx.profileinstaller:profileinstaller:1.4.0] AndroidManifest.xml:50:25-92
262            </intent-filter>
263        </receiver>
264
265        <service
265-->[com.google.android.datatransport:transport-backend-cct:3.1.9] AndroidManifest.xml:28:9-34:19
266            android:name="com.google.android.datatransport.runtime.backends.TransportBackendDiscovery"
266-->[com.google.android.datatransport:transport-backend-cct:3.1.9] AndroidManifest.xml:29:13-103
267            android:exported="false" >
267-->[com.google.android.datatransport:transport-backend-cct:3.1.9] AndroidManifest.xml:30:13-37
268            <meta-data
268-->[com.google.android.datatransport:transport-backend-cct:3.1.9] AndroidManifest.xml:31:13-33:39
269                android:name="backend:com.google.android.datatransport.cct.CctBackendFactory"
269-->[com.google.android.datatransport:transport-backend-cct:3.1.9] AndroidManifest.xml:32:17-94
270                android:value="cct" />
270-->[com.google.android.datatransport:transport-backend-cct:3.1.9] AndroidManifest.xml:33:17-36
271        </service>
272        <service
272-->[com.google.android.datatransport:transport-runtime:3.1.9] AndroidManifest.xml:26:9-30:19
273            android:name="com.google.android.datatransport.runtime.scheduling.jobscheduling.JobInfoSchedulerService"
273-->[com.google.android.datatransport:transport-runtime:3.1.9] AndroidManifest.xml:27:13-117
274            android:exported="false"
274-->[com.google.android.datatransport:transport-runtime:3.1.9] AndroidManifest.xml:28:13-37
275            android:permission="android.permission.BIND_JOB_SERVICE" >
275-->[com.google.android.datatransport:transport-runtime:3.1.9] AndroidManifest.xml:29:13-69
276        </service>
277
278        <receiver
278-->[com.google.android.datatransport:transport-runtime:3.1.9] AndroidManifest.xml:32:9-34:40
279            android:name="com.google.android.datatransport.runtime.scheduling.jobscheduling.AlarmManagerSchedulerBroadcastReceiver"